This file contains any messages produced by compilers while
running configure, to aid debugging if configure makes a mistake.

It was created by libcharset configure 1.5, which was
generated by GNU Autoconf 2.72.  Invocation command line was

  $ ./configure --disable-option-checking --prefix=/d/local/build --host=x86_64-w64-mingw32 CC=x86_64-w64-mingw32-gcc 'CFLAGS=-I/mingw64/include -std=c99' 'LDFLAGS=-L/mingw64/lib -lws2_32' --disable-shared --disable-posix-process --without-alsa --without-pulse --without-jack --without-portaudio --enable-static host_alias=x86_64-w64-mingw32 --cache-file=/dev/null --srcdir=.

## --------- ##
## Platform. ##
## --------- ##

hostname = LAPTOP-EVU8AC57
uname -m = x86_64
uname -r = 3.6.5-d78a360e.x86_64
uname -s = MINGW64_NT-10.0-19045
uname -v = 2026-01-05 17:59 UTC

/usr/bin/uname -p = unknown
/bin/uname -X     = unknown

/bin/arch              = x86_64
/usr/bin/arch -k       = unknown
/usr/convex/getsysinfo = unknown
/usr/bin/hostinfo      = unknown
/bin/machine           = unknown
/usr/bin/oslevel       = unknown
/bin/universe          = unknown

PATH: /mingw64/bin/
PATH: /usr/local/bin/
PATH: /usr/bin/
PATH: /bin/
PATH: /c/Windows/System32/
PATH: /c/Windows/
PATH: /c/Windows/System32/Wbem/
PATH: /c/Windows/System32/WindowsPowerShell/v1.0/
PATH: /usr/bin/site_perl/
PATH: /usr/bin/vendor_perl/
PATH: /usr/bin/core_perl/


## ----------- ##
## Core tests. ##
## ----------- ##

configure:2053: loading site script /etc/config.site
| # This file is in public domain.
| # Original author: Karlson2k (Evgeny Grin)
| # Written for MSys2 to help running 'configure' scripts
| 
| # Defaults for MSys2/MinGW64-targeted programs
| 
| # Set proper selfname on bash and fallback to default name on other shells
| test -n "${BASH_SOURCE}" 2>/dev/null && config_site_me="${BASH_SOURCE[0]##*/}" || config_site_me=config.site
| 
| # Set default 'host' to speedup configure
| if test -z "$build_alias"; then
|   build_alias="${MSYSTEM_CHOST}"  && \
|     ${as_echo-echo} "$config_site_me:${as_lineno-$LINENO}: default build_alias set to $build_alias" >&5
| fi
| 
| # Set default 'prefix'
| if ( test -z "$prefix" || test "x$prefix" = "xNONE" ) && \
|     ( test -z "$exec_prefix" || test "x$exec_prefix" = "xNONE" ); then
|   prefix="${MSYSTEM_PREFIX}" && \
|     ${as_echo-echo} "$config_site_me:${as_lineno-$LINENO}: default prefix set to $prefix" >&5
| fi
config.site:13: default build_alias set to x86_64-w64-mingw32
configure:2432: looking for aux files: ltmain.sh config.guess config.sub install-sh
configure:2445:  trying ./build-aux/
configure:2474:   ./build-aux/ltmain.sh found
configure:2474:   ./build-aux/config.guess found
configure:2474:   ./build-aux/config.sub found
configure:2456:   ./build-aux/install-sh found
configure:2590: checking whether make sets $(MAKE)
configure:2614: result: yes
configure:2642: checking for x86_64-w64-mingw32-gcc
configure:2675: result: x86_64-w64-mingw32-gcc
configure:3080: checking for C compiler version
configure:3089: x86_64-w64-mingw32-gcc --version >&5
x86_64-w64-mingw32-gcc.exe (Rev8, Built by MSYS2 project) 15.2.0
Copyright (C) 2025 Free Software Foundation, Inc.
This is free software; see the source for copying conditions.  There is NO
warranty; not even for MERCHANTABILITY or FITNESS FOR A PARTICULAR PURPOSE.

configure:3100: $? = 0
configure:3089: x86_64-w64-mingw32-gcc -v >&5
Using built-in specs.
COLLECT_GCC=C:\msys64\mingw64\bin\x86_64-w64-mingw32-gcc.exe
COLLECT_LTO_WRAPPER=C:/msys64/mingw64/bin/../lib/gcc/x86_64-w64-mingw32/15.2.0/lto-wrapper.exe
Target: x86_64-w64-mingw32
Configured with: ../gcc-15.2.0/configure --prefix=/mingw64 --with-local-prefix=/mingw64/local --with-native-system-header-dir=/mingw64/include --libexecdir=/mingw64/lib --enable-bootstrap --enable-checking=release --with-arch=nocona --with-tune=generic --enable-mingw-wildcard --enable-languages=c,lto,c++,fortran,ada,objc,obj-c++,jit --enable-shared --enable-static --enable-libatomic --enable-threads=posix --enable-graphite --enable-fully-dynamic-string --enable-libstdcxx-backtrace=yes --enable-libstdcxx-filesystem-ts --enable-libstdcxx-time --disable-libstdcxx-pch --enable-lto --enable-libgomp --disable-libssp --disable-multilib --disable-rpath --disable-win32-registry --disable-nls --disable-werror --disable-symvers --with-libiconv --with-system-zlib --with-gmp=/mingw64 --with-mpfr=/mingw64 --with-mpc=/mingw64 --with-isl=/mingw64 --with-pkgversion='Rev8, Built by MSYS2 project' --with-bugurl=https://github.com/msys2/MINGW-packages/issues --with-gnu-as --with-gnu-ld --with-libstdcxx-zoneinfo=yes --disable-libstdcxx-debug --enable-plugin --with-boot-ldflags=-static-libstdc++ --with-stage1-ldflags=-static-libstdc++
Thread model: posix
Supported LTO compression algorithms: zlib zstd
gcc version 15.2.0 (Rev8, Built by MSYS2 project) 
configure:3100: $? = 0
configure:3089: x86_64-w64-mingw32-gcc -V >&5
x86_64-w64-mingw32-gcc.exe: error: unrecognized command-line option '-V'
x86_64-w64-mingw32-gcc.exe: fatal error: no input files
compilation terminated.
configure:3100: $? = 1
configure:3089: x86_64-w64-mingw32-gcc -qversion >&5
x86_64-w64-mingw32-gcc.exe: error: unrecognized command-line option '-qversion'; did you mean '--version'?
x86_64-w64-mingw32-gcc.exe: fatal error: no input files
compilation terminated.
configure:3100: $? = 1
configure:3089: x86_64-w64-mingw32-gcc -version >&5
x86_64-w64-mingw32-gcc.exe: error: unrecognized command-line option '-version'
x86_64-w64-mingw32-gcc.exe: fatal error: no input files
compilation terminated.
configure:3100: $? = 1
configure:3120: checking whether the C compiler works
configure:3142: x86_64-w64-mingw32-gcc -I/mingw64/include -std=c99  -L/mingw64/lib -lws2_32 conftest.c  >&5
configure:3146: $? = 0
configure:3197: result: yes
configure:3201: checking for C compiler default output file name
configure:3203: result: a.exe
configure:3209: checking for suffix of executables
configure:3216: x86_64-w64-mingw32-gcc -o conftest.exe -I/mingw64/include -std=c99  -L/mingw64/lib -lws2_32 conftest.c  >&5
configure:3220: $? = 0
configure:3244: result: .exe
configure:3268: checking whether we are cross compiling
configure:3276: x86_64-w64-mingw32-gcc -o conftest.exe -I/mingw64/include -std=c99  -L/mingw64/lib -lws2_32 conftest.c  >&5
configure:3280: $? = 0
configure:3287: ./conftest.exe
configure:3291: $? = 0
configure:3306: result: no
configure:3312: checking for suffix of object files
configure:3335: x86_64-w64-mingw32-gcc -c -I/mingw64/include -std=c99  conftest.c >&5
configure:3339: $? = 0
configure:3363: result: o
configure:3367: checking whether the compiler supports GNU C
configure:3387: x86_64-w64-mingw32-gcc -c -I/mingw64/include -std=c99  conftest.c >&5
configure:3387: $? = 0
configure:3399: result: yes
configure:3410: checking whether x86_64-w64-mingw32-gcc accepts -g
configure:3431: x86_64-w64-mingw32-gcc -c -g  conftest.c >&5
configure:3431: $? = 0
configure:3478: result: yes
configure:3498: checking for x86_64-w64-mingw32-gcc option to enable C11 features
configure:3513: x86_64-w64-mingw32-gcc  -c -I/mingw64/include -std=c99  conftest.c >&5
conftest.c:180:3: error: #error "Compiler does not advertise C11 conformance"
  180 | # error "Compiler does not advertise C11 conformance"
      |   ^~~~~
conftest.c:211:12: error: 'syntax' undeclared here (not in a function)
  211 | #define u8 syntax error!
      |            ^~~~~~
conftest.c:212:29: note: in expansion of macro 'u8'
  212 | char const utf8_literal[] = u8"happens to be ASCII" "another string";
      |                             ^~
conftest.c:211:19: error: expected ',' or ';' before 'error'
  211 | #define u8 syntax error!
      |                   ^~~~~
conftest.c:212:29: note: in expansion of macro 'u8'
  212 | char const utf8_literal[] = u8"happens to be ASCII" "another string";
      |                             ^~
configure:3513: $? = 1
configure: failed program was:
| /* confdefs.h */
| #define PACKAGE_NAME "libcharset"
| #define PACKAGE_TARNAME "libcharset"
| #define PACKAGE_VERSION "1.5"
| #define PACKAGE_STRING "libcharset 1.5"
| #define PACKAGE_BUGREPORT ""
| #define PACKAGE_URL ""
| /* end confdefs.h.  */
| 
| /* Does the compiler advertise C89 conformance?
|    Do not test the value of __STDC__, because some compilers set it to 0
|    while being otherwise adequately conformant. */
| #if !defined __STDC__
| # error "Compiler does not advertise C89 conformance"
| #endif
| 
| #include <stddef.h>
| #include <stdarg.h>
| struct stat;
| /* Most of the following tests are stolen from RCS 5.7 src/conf.sh.  */
| struct buf { int x; };
| struct buf * (*rcsopen) (struct buf *, struct stat *, int);
| static char *e (char **p, int i)
| {
|   return p[i];
| }
| static char *f (char * (*g) (char **, int), char **p, ...)
| {
|   char *s;
|   va_list v;
|   va_start (v,p);
|   s = g (p, va_arg (v,int));
|   va_end (v);
|   return s;
| }
| 
| /* C89 style stringification. */
| #define noexpand_stringify(a) #a
| const char *stringified = noexpand_stringify(arbitrary+token=sequence);
| 
| /* C89 style token pasting.  Exercises some of the corner cases that
|    e.g. old MSVC gets wrong, but not very hard. */
| #define noexpand_concat(a,b) a##b
| #define expand_concat(a,b) noexpand_concat(a,b)
| extern int vA;
| extern int vbee;
| #define aye A
| #define bee B
| int *pvA = &expand_concat(v,aye);
| int *pvbee = &noexpand_concat(v,bee);
| 
| /* OSF 4.0 Compaq cc is some sort of almost-ANSI by default.  It has
|    function prototypes and stuff, but not \xHH hex character constants.
|    These do not provoke an error unfortunately, instead are silently treated
|    as an "x".  The following induces an error, until -std is added to get
|    proper ANSI mode.  Curiously \x00 != x always comes out true, for an
|    array size at least.  It is necessary to write \x00 == 0 to get something
|    that is true only with -std.  */
| int osf4_cc_array ['\x00' == 0 ? 1 : -1];
| 
| /* IBM C 6 for AIX is almost-ANSI by default, but it replaces macro parameters
|    inside strings and character constants.  */
| #define FOO(x) 'x'
| int xlc6_cc_array[FOO(a) == 'x' ? 1 : -1];
| 
| int test (int i, double x);
| struct s1 {int (*f) (int a);};
| struct s2 {int (*f) (double a);};
| int pairnames (int, char **, int *(*)(struct buf *, struct stat *, int),
|                int, int);
| 
| /* Does the compiler advertise C99 conformance? */
| #if !defined __STDC_VERSION__ || __STDC_VERSION__ < 199901L
| # error "Compiler does not advertise C99 conformance"
| #endif
| 
| // See if C++-style comments work.
| 
| #include <stdbool.h>
| extern int puts (const char *);
| extern int printf (const char *, ...);
| extern int dprintf (int, const char *, ...);
| extern void *malloc (size_t);
| extern void free (void *);
| 
| // Check varargs macros.  These examples are taken from C99 6.10.3.5.
| // dprintf is used instead of fprintf to avoid needing to declare
| // FILE and stderr.
| #define debug(...) dprintf (2, __VA_ARGS__)
| #define showlist(...) puts (#__VA_ARGS__)
| #define report(test,...) ((test) ? puts (#test) : printf (__VA_ARGS__))
| static void
| test_varargs_macros (void)
| {
|   int x = 1234;
|   int y = 5678;
|   debug ("Flag");
|   debug ("X = %d\n", x);
|   showlist (The first, second, and third items.);
|   report (x>y, "x is %d but y is %d", x, y);
| }
| 
| // Check long long types.
| #define BIG64 18446744073709551615ull
| #define BIG32 4294967295ul
| #define BIG_OK (BIG64 / BIG32 == 4294967297ull && BIG64 % BIG32 == 0)
| #if !BIG_OK
|   #error "your preprocessor is broken"
| #endif
| #if BIG_OK
| #else
|   #error "your preprocessor is broken"
| #endif
| static long long int bignum = -9223372036854775807LL;
| static unsigned long long int ubignum = BIG64;
| 
| struct incomplete_array
| {
|   int datasize;
|   double data[];
| };
| 
| struct named_init {
|   int number;
|   const wchar_t *name;
|   double average;
| };
| 
| typedef const char *ccp;
| 
| static inline int
| test_restrict (ccp restrict text)
| {
|   // Iterate through items via the restricted pointer.
|   // Also check for declarations in for loops.
|   for (unsigned int i = 0; *(text+i) != '\0'; ++i)
|     continue;
|   return 0;
| }
| 
| // Check varargs and va_copy.
| static bool
| test_varargs (const char *format, ...)
| {
|   va_list args;
|   va_start (args, format);
|   va_list args_copy;
|   va_copy (args_copy, args);
| 
|   const char *str = "";
|   int number = 0;
|   float fnumber = 0;
| 
|   while (*format)
|     {
|       switch (*format++)
| 	{
| 	case 's': // string
| 	  str = va_arg (args_copy, const char *);
| 	  break;
| 	case 'd': // int
| 	  number = va_arg (args_copy, int);
| 	  break;
| 	case 'f': // float
| 	  fnumber = va_arg (args_copy, double);
| 	  break;
| 	default:
| 	  break;
| 	}
|     }
|   va_end (args_copy);
|   va_end (args);
| 
|   return *str && number && fnumber;
| }
| 
| 
| /* Does the compiler advertise C11 conformance? */
| #if !defined __STDC_VERSION__ || __STDC_VERSION__ < 201112L
| # error "Compiler does not advertise C11 conformance"
| #endif
| 
| // Check _Alignas.
| char _Alignas (double) aligned_as_double;
| char _Alignas (0) no_special_alignment;
| extern char aligned_as_int;
| char _Alignas (0) _Alignas (int) aligned_as_int;
| 
| // Check _Alignof.
| enum
| {
|   int_alignment = _Alignof (int),
|   int_array_alignment = _Alignof (int[100]),
|   char_alignment = _Alignof (char)
| };
| _Static_assert (0 < -_Alignof (int), "_Alignof is signed");
| 
| // Check _Noreturn.
| int _Noreturn does_not_return (void) { for (;;) continue; }
| 
| // Check _Static_assert.
| struct test_static_assert
| {
|   int x;
|   _Static_assert (sizeof (int) <= sizeof (long int),
|                   "_Static_assert does not work in struct");
|   long int y;
| };
| 
| // Check UTF-8 literals.
| #define u8 syntax error!
| char const utf8_literal[] = u8"happens to be ASCII" "another string";
| 
| // Check duplicate typedefs.
| typedef long *long_ptr;
| typedef long int *long_ptr;
| typedef long_ptr long_ptr;
| 
| // Anonymous structures and unions -- taken from C11 6.7.2.1 Example 1.
| struct anonymous
| {
|   union {
|     struct { int i; int j; };
|     struct { int k; long int l; } w;
|   };
|   int m;
| } v1;
| 
| 
| int
| main (int argc, char **argv)
| {
|   int ok = 0;
|   
| ok |= (argc == 0 || f (e, argv, 0) != argv[0] || f (e, argv, 1) != argv[1]);
| 
|   
|   // Check bool.
|   _Bool success = false;
|   success |= (argc != 0);
| 
|   // Check restrict.
|   if (test_restrict ("String literal") == 0)
|     success = true;
|   char *restrict newvar = "Another string";
| 
|   // Check varargs.
|   success &= test_varargs ("s, d' f .", "string", 65, 34.234);
|   test_varargs_macros ();
| 
|   // Check flexible array members.
|   struct incomplete_array *ia =
|     malloc (sizeof (struct incomplete_array) + (sizeof (double) * 10));
|   ia->datasize = 10;
|   for (int i = 0; i < ia->datasize; ++i)
|     ia->data[i] = i * 1.234;
|   // Work around memory leak warnings.
|   free (ia);
| 
|   // Check named initializers.
|   struct named_init ni = {
|     .number = 34,
|     .name = L"Test wide string",
|     .average = 543.34343,
|   };
| 
|   ni.number = 58;
| 
|   int dynamic_array[ni.number];
|   dynamic_array[0] = argv[0][0];
|   dynamic_array[ni.number - 1] = 543;
| 
|   // work around unused variable warnings
|   ok |= (!success || bignum == 0LL || ubignum == 0uLL || newvar[0] == 'x'
| 	 || dynamic_array[ni.number - 1] != 543);
| 
|   
|   _Static_assert ((offsetof (struct anonymous, i)
| 		   == offsetof (struct anonymous, w.k)),
| 		  "Anonymous union alignment botch");
|   v1.i = 2;
|   v1.w.k = 5;
|   ok |= v1.i != 5;
| 
|   return ok;
| }
| 
configure:3513: x86_64-w64-mingw32-gcc -std=gnu11 -c -I/mingw64/include -std=c99  conftest.c >&5
conftest.c:180:3: error: #error "Compiler does not advertise C11 conformance"
  180 | # error "Compiler does not advertise C11 conformance"
      |   ^~~~~
conftest.c:211:12: error: 'syntax' undeclared here (not in a function)
  211 | #define u8 syntax error!
      |            ^~~~~~
conftest.c:212:29: note: in expansion of macro 'u8'
  212 | char const utf8_literal[] = u8"happens to be ASCII" "another string";
      |                             ^~
conftest.c:211:19: error: expected ',' or ';' before 'error'
  211 | #define u8 syntax error!
      |                   ^~~~~
conftest.c:212:29: note: in expansion of macro 'u8'
  212 | char const utf8_literal[] = u8"happens to be ASCII" "another string";
      |                             ^~
configure:3513: $? = 1
configure: failed program was:
| /* confdefs.h */
| #define PACKAGE_NAME "libcharset"
| #define PACKAGE_TARNAME "libcharset"
| #define PACKAGE_VERSION "1.5"
| #define PACKAGE_STRING "libcharset 1.5"
| #define PACKAGE_BUGREPORT ""
| #define PACKAGE_URL ""
| /* end confdefs.h.  */
| 
| /* Does the compiler advertise C89 conformance?
|    Do not test the value of __STDC__, because some compilers set it to 0
|    while being otherwise adequately conformant. */
| #if !defined __STDC__
| # error "Compiler does not advertise C89 conformance"
| #endif
| 
| #include <stddef.h>
| #include <stdarg.h>
| struct stat;
| /* Most of the following tests are stolen from RCS 5.7 src/conf.sh.  */
| struct buf { int x; };
| struct buf * (*rcsopen) (struct buf *, struct stat *, int);
| static char *e (char **p, int i)
| {
|   return p[i];
| }
| static char *f (char * (*g) (char **, int), char **p, ...)
| {
|   char *s;
|   va_list v;
|   va_start (v,p);
|   s = g (p, va_arg (v,int));
|   va_end (v);
|   return s;
| }
| 
| /* C89 style stringification. */
| #define noexpand_stringify(a) #a
| const char *stringified = noexpand_stringify(arbitrary+token=sequence);
| 
| /* C89 style token pasting.  Exercises some of the corner cases that
|    e.g. old MSVC gets wrong, but not very hard. */
| #define noexpand_concat(a,b) a##b
| #define expand_concat(a,b) noexpand_concat(a,b)
| extern int vA;
| extern int vbee;
| #define aye A
| #define bee B
| int *pvA = &expand_concat(v,aye);
| int *pvbee = &noexpand_concat(v,bee);
| 
| /* OSF 4.0 Compaq cc is some sort of almost-ANSI by default.  It has
|    function prototypes and stuff, but not \xHH hex character constants.
|    These do not provoke an error unfortunately, instead are silently treated
|    as an "x".  The following induces an error, until -std is added to get
|    proper ANSI mode.  Curiously \x00 != x always comes out true, for an
|    array size at least.  It is necessary to write \x00 == 0 to get something
|    that is true only with -std.  */
| int osf4_cc_array ['\x00' == 0 ? 1 : -1];
| 
| /* IBM C 6 for AIX is almost-ANSI by default, but it replaces macro parameters
|    inside strings and character constants.  */
| #define FOO(x) 'x'
| int xlc6_cc_array[FOO(a) == 'x' ? 1 : -1];
| 
| int test (int i, double x);
| struct s1 {int (*f) (int a);};
| struct s2 {int (*f) (double a);};
| int pairnames (int, char **, int *(*)(struct buf *, struct stat *, int),
|                int, int);
| 
| /* Does the compiler advertise C99 conformance? */
| #if !defined __STDC_VERSION__ || __STDC_VERSION__ < 199901L
| # error "Compiler does not advertise C99 conformance"
| #endif
| 
| // See if C++-style comments work.
| 
| #include <stdbool.h>
| extern int puts (const char *);
| extern int printf (const char *, ...);
| extern int dprintf (int, const char *, ...);
| extern void *malloc (size_t);
| extern void free (void *);
| 
| // Check varargs macros.  These examples are taken from C99 6.10.3.5.
| // dprintf is used instead of fprintf to avoid needing to declare
| // FILE and stderr.
| #define debug(...) dprintf (2, __VA_ARGS__)
| #define showlist(...) puts (#__VA_ARGS__)
| #define report(test,...) ((test) ? puts (#test) : printf (__VA_ARGS__))
| static void
| test_varargs_macros (void)
| {
|   int x = 1234;
|   int y = 5678;
|   debug ("Flag");
|   debug ("X = %d\n", x);
|   showlist (The first, second, and third items.);
|   report (x>y, "x is %d but y is %d", x, y);
| }
| 
| // Check long long types.
| #define BIG64 18446744073709551615ull
| #define BIG32 4294967295ul
| #define BIG_OK (BIG64 / BIG32 == 4294967297ull && BIG64 % BIG32 == 0)
| #if !BIG_OK
|   #error "your preprocessor is broken"
| #endif
| #if BIG_OK
| #else
|   #error "your preprocessor is broken"
| #endif
| static long long int bignum = -9223372036854775807LL;
| static unsigned long long int ubignum = BIG64;
| 
| struct incomplete_array
| {
|   int datasize;
|   double data[];
| };
| 
| struct named_init {
|   int number;
|   const wchar_t *name;
|   double average;
| };
| 
| typedef const char *ccp;
| 
| static inline int
| test_restrict (ccp restrict text)
| {
|   // Iterate through items via the restricted pointer.
|   // Also check for declarations in for loops.
|   for (unsigned int i = 0; *(text+i) != '\0'; ++i)
|     continue;
|   return 0;
| }
| 
| // Check varargs and va_copy.
| static bool
| test_varargs (const char *format, ...)
| {
|   va_list args;
|   va_start (args, format);
|   va_list args_copy;
|   va_copy (args_copy, args);
| 
|   const char *str = "";
|   int number = 0;
|   float fnumber = 0;
| 
|   while (*format)
|     {
|       switch (*format++)
| 	{
| 	case 's': // string
| 	  str = va_arg (args_copy, const char *);
| 	  break;
| 	case 'd': // int
| 	  number = va_arg (args_copy, int);
| 	  break;
| 	case 'f': // float
| 	  fnumber = va_arg (args_copy, double);
| 	  break;
| 	default:
| 	  break;
| 	}
|     }
|   va_end (args_copy);
|   va_end (args);
| 
|   return *str && number && fnumber;
| }
| 
| 
| /* Does the compiler advertise C11 conformance? */
| #if !defined __STDC_VERSION__ || __STDC_VERSION__ < 201112L
| # error "Compiler does not advertise C11 conformance"
| #endif
| 
| // Check _Alignas.
| char _Alignas (double) aligned_as_double;
| char _Alignas (0) no_special_alignment;
| extern char aligned_as_int;
| char _Alignas (0) _Alignas (int) aligned_as_int;
| 
| // Check _Alignof.
| enum
| {
|   int_alignment = _Alignof (int),
|   int_array_alignment = _Alignof (int[100]),
|   char_alignment = _Alignof (char)
| };
| _Static_assert (0 < -_Alignof (int), "_Alignof is signed");
| 
| // Check _Noreturn.
| int _Noreturn does_not_return (void) { for (;;) continue; }
| 
| // Check _Static_assert.
| struct test_static_assert
| {
|   int x;
|   _Static_assert (sizeof (int) <= sizeof (long int),
|                   "_Static_assert does not work in struct");
|   long int y;
| };
| 
| // Check UTF-8 literals.
| #define u8 syntax error!
| char const utf8_literal[] = u8"happens to be ASCII" "another string";
| 
| // Check duplicate typedefs.
| typedef long *long_ptr;
| typedef long int *long_ptr;
| typedef long_ptr long_ptr;
| 
| // Anonymous structures and unions -- taken from C11 6.7.2.1 Example 1.
| struct anonymous
| {
|   union {
|     struct { int i; int j; };
|     struct { int k; long int l; } w;
|   };
|   int m;
| } v1;
| 
| 
| int
| main (int argc, char **argv)
| {
|   int ok = 0;
|   
| ok |= (argc == 0 || f (e, argv, 0) != argv[0] || f (e, argv, 1) != argv[1]);
| 
|   
|   // Check bool.
|   _Bool success = false;
|   success |= (argc != 0);
| 
|   // Check restrict.
|   if (test_restrict ("String literal") == 0)
|     success = true;
|   char *restrict newvar = "Another string";
| 
|   // Check varargs.
|   success &= test_varargs ("s, d' f .", "string", 65, 34.234);
|   test_varargs_macros ();
| 
|   // Check flexible array members.
|   struct incomplete_array *ia =
|     malloc (sizeof (struct incomplete_array) + (sizeof (double) * 10));
|   ia->datasize = 10;
|   for (int i = 0; i < ia->datasize; ++i)
|     ia->data[i] = i * 1.234;
|   // Work around memory leak warnings.
|   free (ia);
| 
|   // Check named initializers.
|   struct named_init ni = {
|     .number = 34,
|     .name = L"Test wide string",
|     .average = 543.34343,
|   };
| 
|   ni.number = 58;
| 
|   int dynamic_array[ni.number];
|   dynamic_array[0] = argv[0][0];
|   dynamic_array[ni.number - 1] = 543;
| 
|   // work around unused variable warnings
|   ok |= (!success || bignum == 0LL || ubignum == 0uLL || newvar[0] == 'x'
| 	 || dynamic_array[ni.number - 1] != 543);
| 
|   
|   _Static_assert ((offsetof (struct anonymous, i)
| 		   == offsetof (struct anonymous, w.k)),
| 		  "Anonymous union alignment botch");
|   v1.i = 2;
|   v1.w.k = 5;
|   ok |= v1.i != 5;
| 
|   return ok;
| }
| 
configure:3527: result: unsupported
configure:3547: checking for x86_64-w64-mingw32-gcc option to enable C99 features
configure:3562: x86_64-w64-mingw32-gcc  -c -I/mingw64/include -std=c99  conftest.c >&5
configure:3562: $? = 0
configure:3581: result: none needed
configure:3655: checking how to run the C preprocessor
configure:3681: x86_64-w64-mingw32-gcc -E  conftest.c
configure:3681: $? = 0
configure:3697: x86_64-w64-mingw32-gcc -E  conftest.c
conftest.c:9:10: fatal error: ac_nonexistent.h: No such file or directory
    9 | #include <ac_nonexistent.h>
      |          ^~~~~~~~~~~~~~~~~~
compilation terminated.
configure:3697: $? = 1
configure: failed program was:
| /* confdefs.h */
| #define PACKAGE_NAME "libcharset"
| #define PACKAGE_TARNAME "libcharset"
| #define PACKAGE_VERSION "1.5"
| #define PACKAGE_STRING "libcharset 1.5"
| #define PACKAGE_BUGREPORT ""
| #define PACKAGE_URL ""
| /* end confdefs.h.  */
| #include <ac_nonexistent.h>
configure:3726: result: x86_64-w64-mingw32-gcc -E
configure:3740: x86_64-w64-mingw32-gcc -E  conftest.c
configure:3740: $? = 0
configure:3756: x86_64-w64-mingw32-gcc -E  conftest.c
conftest.c:9:10: fatal error: ac_nonexistent.h: No such file or directory
    9 | #include <ac_nonexistent.h>
      |          ^~~~~~~~~~~~~~~~~~
compilation terminated.
configure:3756: $? = 1
configure: failed program was:
| /* confdefs.h */
| #define PACKAGE_NAME "libcharset"
| #define PACKAGE_TARNAME "libcharset"
| #define PACKAGE_VERSION "1.5"
| #define PACKAGE_STRING "libcharset 1.5"
| #define PACKAGE_BUGREPORT ""
| #define PACKAGE_URL ""
| /* end confdefs.h.  */
| #include <ac_nonexistent.h>
configure:3804: checking for a BSD-compatible install
configure:3878: result: /usr/bin/install -c
configure:3897: checking build system type
configure:3913: result: x86_64-w64-mingw32
configure:3933: checking host system type
configure:3948: result: x86_64-w64-mingw32
configure:3977: checking for stdio.h
configure:3977: x86_64-w64-mingw32-gcc -c -I/mingw64/include -std=c99  conftest.c >&5
configure:3977: $? = 0
configure:3977: result: yes
configure:3977: checking for stdlib.h
configure:3977: x86_64-w64-mingw32-gcc -c -I/mingw64/include -std=c99  conftest.c >&5
configure:3977: $? = 0
configure:3977: result: yes
configure:3977: checking for string.h
configure:3977: x86_64-w64-mingw32-gcc -c -I/mingw64/include -std=c99  conftest.c >&5
configure:3977: $? = 0
configure:3977: result: yes
configure:3977: checking for inttypes.h
configure:3977: x86_64-w64-mingw32-gcc -c -I/mingw64/include -std=c99  conftest.c >&5
configure:3977: $? = 0
configure:3977: result: yes
configure:3977: checking for stdint.h
configure:3977: x86_64-w64-mingw32-gcc -c -I/mingw64/include -std=c99  conftest.c >&5
configure:3977: $? = 0
configure:3977: result: yes
configure:3977: checking for strings.h
configure:3977: x86_64-w64-mingw32-gcc -c -I/mingw64/include -std=c99  conftest.c >&5
configure:3977: $? = 0
configure:3977: result: yes
configure:3977: checking for sys/stat.h
configure:3977: x86_64-w64-mingw32-gcc -c -I/mingw64/include -std=c99  conftest.c >&5
configure:3977: $? = 0
configure:3977: result: yes
configure:3977: checking for sys/types.h
configure:3977: x86_64-w64-mingw32-gcc -c -I/mingw64/include -std=c99  conftest.c >&5
configure:3977: $? = 0
configure:3977: result: yes
configure:3977: checking for unistd.h
configure:3977: x86_64-w64-mingw32-gcc -c -I/mingw64/include -std=c99  conftest.c >&5
configure:3977: $? = 0
configure:3977: result: yes
configure:3977: checking for wchar.h
configure:3977: x86_64-w64-mingw32-gcc -c -I/mingw64/include -std=c99  conftest.c >&5
configure:3977: $? = 0
configure:3977: result: yes
configure:3977: checking for minix/config.h
configure:3977: x86_64-w64-mingw32-gcc -c -I/mingw64/include -std=c99  conftest.c >&5
conftest.c:47:10: fatal error: minix/config.h: No such file or directory
   47 | #include <minix/config.h>
      |          ^~~~~~~~~~~~~~~~
compilation terminated.
configure:3977: $? = 1
configure: failed program was:
| /* confdefs.h */
| #define PACKAGE_NAME "libcharset"
| #define PACKAGE_TARNAME "libcharset"
| #define PACKAGE_VERSION "1.5"
| #define PACKAGE_STRING "libcharset 1.5"
| #define PACKAGE_BUGREPORT ""
| #define PACKAGE_URL ""
| #define HAVE_STDIO_H 1
| #define HAVE_STDLIB_H 1
| #define HAVE_STRING_H 1
| #define HAVE_INTTYPES_H 1
| #define HAVE_STDINT_H 1
| #define HAVE_STRINGS_H 1
| #define HAVE_SYS_STAT_H 1
| #define HAVE_SYS_TYPES_H 1
| #define HAVE_UNISTD_H 1
| #define HAVE_WCHAR_H 1
| /* end confdefs.h.  */
| #include <stddef.h>
| #ifdef HAVE_STDIO_H
| # include <stdio.h>
| #endif
| #ifdef HAVE_STDLIB_H
| # include <stdlib.h>
| #endif
| #ifdef HAVE_STRING_H
| # include <string.h>
| #endif
| #ifdef HAVE_INTTYPES_H
| # include <inttypes.h>
| #endif
| #ifdef HAVE_STDINT_H
| # include <stdint.h>
| #endif
| #ifdef HAVE_STRINGS_H
| # include <strings.h>
| #endif
| #ifdef HAVE_SYS_TYPES_H
| # include <sys/types.h>
| #endif
| #ifdef HAVE_SYS_STAT_H
| # include <sys/stat.h>
| #endif
| #ifdef HAVE_UNISTD_H
| # include <unistd.h>
| #endif
| #include <minix/config.h>
configure:3977: result: no
configure:4008: checking whether it is safe to define __EXTENSIONS__
configure:4027: x86_64-w64-mingw32-gcc -c -I/mingw64/include -std=c99  conftest.c >&5
configure:4027: $? = 0
configure:4037: result: yes
configure:4040: checking whether _XOPEN_SOURCE should be defined
configure:4062: x86_64-w64-mingw32-gcc -c -I/mingw64/include -std=c99  conftest.c >&5
configure:4062: $? = 0
configure:4091: result: no
configure:4204: checking how to print strings
configure:4231: result: printf
configure:4252: checking for a sed that does not truncate output
configure:4324: result: /usr/bin/sed
configure:4342: checking for grep that handles long lines and -e
configure:4408: result: /usr/bin/grep
configure:4413: checking for egrep
configure:4483: result: /usr/bin/grep -E
configure:4490: checking for fgrep
configure:4560: result: /usr/bin/grep -F
configure:4597: checking for ld used by x86_64-w64-mingw32-gcc
configure:4666: result: C:/msys64/mingw64/x86_64-w64-mingw32/bin/ld.exe
configure:4673: checking if the linker (C:/msys64/mingw64/x86_64-w64-mingw32/bin/ld.exe) is GNU ld
configure:4690: result: yes
configure:4702: checking for BSD- or MS-compatible name lister (nm)
configure:4758: result: /mingw64/bin/nm -B
configure:4900: checking the name lister (/mingw64/bin/nm -B) interface
configure:4908: x86_64-w64-mingw32-gcc -c -I/mingw64/include -std=c99  conftest.c >&5
configure:4911: /mingw64/bin/nm -B "conftest.o"
configure:4914: output
0000000000000000 b .bss
0000000000000000 d .data
0000000000000000 r .rdata$zzz
0000000000000000 t .text
0000000000000000 B some_variable
configure:4922: result: BSD nm
configure:4925: checking whether ln -s works
configure:4932: result: no, using cp -pR
configure:4937: checking the maximum length of command line arguments
configure:5070: result: 8192
configure:5118: checking how to convert x86_64-w64-mingw32 file names to x86_64-w64-mingw32 format
configure:5160: result: func_convert_file_msys_to_w32
configure:5167: checking how to convert x86_64-w64-mingw32 file names to toolchain format
configure:5189: result: func_convert_file_msys_to_w32
configure:5196: checking for C:/msys64/mingw64/x86_64-w64-mingw32/bin/ld.exe option to reload object files
configure:5205: result: -r
configure:5238: checking for file
configure:5259: found /usr/bin/file
configure:5272: result: file
configure:5289: checking for x86_64-w64-mingw32-objdump
configure:5325: result: no
configure:5335: checking for objdump
configure:5356: found /mingw64/bin/objdump
configure:5368: result: objdump
configure:5397: checking how to recognize dependent libraries
configure:5606: result: file_magic ^x86 archive import|^x86 DLL
configure:5651: checking for x86_64-w64-mingw32-dlltool
configure:5687: result: no
configure:5697: checking for dlltool
configure:5718: found /mingw64/bin/dlltool
configure:5730: result: dlltool
configure:5760: checking how to associate runtime and link libraries
configure:5789: result: func_cygming_dll_for_implib
configure:5803: checking for x86_64-w64-mingw32-ranlib
configure:5839: result: no
configure:5849: checking for ranlib
configure:5870: found /mingw64/bin/ranlib
configure:5882: result: ranlib
configure:5909: checking for x86_64-w64-mingw32-ar
configure:5945: result: no
configure:5959: checking for ar
configure:5980: found /mingw64/bin/ar
configure:5992: result: ar
configure:6045: checking for archiver @FILE support
configure:6063: x86_64-w64-mingw32-gcc -c -I/mingw64/include -std=c99  conftest.c >&5
configure:6063: $? = 0
configure:6067: ar cr libconftest.a @conftest.lst >&5
configure:6070: $? = 0
configure:6075: ar cr libconftest.a @conftest.lst >&5
C:\msys64\mingw64\bin\ar.exe: conftest.o: No such file or directory
configure:6078: $? = 1
configure:6091: result: @
configure:6109: checking for x86_64-w64-mingw32-strip
configure:6145: result: no
configure:6155: checking for strip
configure:6176: found /mingw64/bin/strip
configure:6188: result: strip
configure:6266: checking for gawk
configure:6287: found /usr/bin/gawk
configure:6299: result: gawk
configure:6339: checking command to parse /mingw64/bin/nm -B output from x86_64-w64-mingw32-gcc object
configure:6493: x86_64-w64-mingw32-gcc -c -I/mingw64/include -std=c99  conftest.c >&5
configure:6496: $? = 0
configure:6500: /mingw64/bin/nm -B conftest.o | /usr/bin/sed -n -e 's/^.*[	 ]\([ABCDGIRSTW][ABCDGIRSTW]*\)[	 ][	 ]*\([_A-Za-z][_A-Za-z0-9]*\)\{0,1\}$/\1 \2 \2/p' | /usr/bin/sed '/ __gnu_lto/d' > conftest.nm
configure:6566: x86_64-w64-mingw32-gcc -o conftest.exe -I/mingw64/include -std=c99  -L/mingw64/lib -lws2_32 conftest.c conftstm.o >&5
configure:6569: $? = 0
configure:6608: result: ok
configure:6655: checking for sysroot
configure:6689: result: no
configure:6696: checking for a working dd
configure:6741: result: /usr/bin/dd
configure:6745: checking how to truncate binary pipes
configure:6762: result: /usr/bin/dd bs=4096 count=1
configure:7056: checking for x86_64-w64-mingw32-mt
configure:7092: result: no
configure:7102: checking for mt
configure:7138: result: no
configure:7158: checking if : is a manifest tool
configure:7165: : '-?'
configure:7174: result: no
configure:7967: checking for dlfcn.h
configure:7967: x86_64-w64-mingw32-gcc -c -I/mingw64/include -std=c99  conftest.c >&5
conftest.c:66:10: fatal error: dlfcn.h: No such file or directory
   66 | #include <dlfcn.h>
      |          ^~~~~~~~~
compilation terminated.
configure:7967: $? = 1
configure: failed program was:
| /* confdefs.h */
| #define PACKAGE_NAME "libcharset"
| #define PACKAGE_TARNAME "libcharset"
| #define PACKAGE_VERSION "1.5"
| #define PACKAGE_STRING "libcharset 1.5"
| #define PACKAGE_BUGREPORT ""
| #define PACKAGE_URL ""
| #define HAVE_STDIO_H 1
| #define HAVE_STDLIB_H 1
| #define HAVE_STRING_H 1
| #define HAVE_INTTYPES_H 1
| #define HAVE_STDINT_H 1
| #define HAVE_STRINGS_H 1
| #define HAVE_SYS_STAT_H 1
| #define HAVE_SYS_TYPES_H 1
| #define HAVE_UNISTD_H 1
| #define HAVE_WCHAR_H 1
| #define STDC_HEADERS 1
| #define _ALL_SOURCE 1
| #define _DARWIN_C_SOURCE 1
| #define _GNU_SOURCE 1
| #define _HPUX_ALT_XOPEN_SOCKET_API 1
| #define _NETBSD_SOURCE 1
| #define _OPENBSD_SOURCE 1
| #define _POSIX_PTHREAD_SEMANTICS 1
| #define __STDC_WANT_IEC_60559_ATTRIBS_EXT__ 1
| #define __STDC_WANT_IEC_60559_BFP_EXT__ 1
| #define __STDC_WANT_IEC_60559_DFP_EXT__ 1
| #define __STDC_WANT_IEC_60559_EXT__ 1
| #define __STDC_WANT_IEC_60559_FUNCS_EXT__ 1
| #define __STDC_WANT_IEC_60559_TYPES_EXT__ 1
| #define __STDC_WANT_LIB_EXT2__ 1
| #define __STDC_WANT_MATH_SPEC_FUNCS__ 1
| #define _TANDEM_SOURCE 1
| #define __EXTENSIONS__ 1
| /* end confdefs.h.  */
| #include <stddef.h>
| #ifdef HAVE_STDIO_H
| # include <stdio.h>
| #endif
| #ifdef HAVE_STDLIB_H
| # include <stdlib.h>
| #endif
| #ifdef HAVE_STRING_H
| # include <string.h>
| #endif
| #ifdef HAVE_INTTYPES_H
| # include <inttypes.h>
| #endif
| #ifdef HAVE_STDINT_H
| # include <stdint.h>
| #endif
| #ifdef HAVE_STRINGS_H
| # include <strings.h>
| #endif
| #ifdef HAVE_SYS_TYPES_H
| # include <sys/types.h>
| #endif
| #ifdef HAVE_SYS_STAT_H
| # include <sys/stat.h>
| #endif
| #ifdef HAVE_UNISTD_H
| # include <unistd.h>
| #endif
| 
| #include <dlfcn.h>
configure:7967: result: no
configure:7987: checking for x86_64-w64-mingw32-as
configure:8023: result: no
configure:8033: checking for as
configure:8054: found /mingw64/bin/as
configure:8066: result: as
configure:8091: checking for x86_64-w64-mingw32-dlltool
configure:8124: result: dlltool
configure:8195: checking for x86_64-w64-mingw32-objdump
configure:8228: result: objdump
configure:8604: checking for objdir
configure:8621: result: .libs
configure:8887: checking if x86_64-w64-mingw32-gcc supports -fno-rtti -fno-exceptions
configure:8906: x86_64-w64-mingw32-gcc -c -I/mingw64/include -std=c99  -fno-rtti -fno-exceptions conftest.c >&5
cc1.exe: warning: command-line option '-fno-rtti' is valid for C++/D/ObjC++ but not for C
configure:8910: $? = 0
configure:8924: result: no
configure:9297: checking for x86_64-w64-mingw32-gcc option to produce PIC
configure:9306: result: -DDLL_EXPORT -DPIC
configure:9314: checking if x86_64-w64-mingw32-gcc PIC flag -DDLL_EXPORT -DPIC works
configure:9333: x86_64-w64-mingw32-gcc -c -I/mingw64/include -std=c99  -DDLL_EXPORT -DPIC -DPIC conftest.c >&5
configure:9337: $? = 0
configure:9351: result: yes
configure:9380: checking if x86_64-w64-mingw32-gcc static flag -static works
configure:9410: result: yes
configure:9425: checking if x86_64-w64-mingw32-gcc supports -c -o file.o
configure:9447: x86_64-w64-mingw32-gcc -c -I/mingw64/include -std=c99  -o out/conftest2.o conftest.c >&5
configure:9451: $? = 0
configure:9474: result: yes
configure:9482: checking if x86_64-w64-mingw32-gcc supports -c -o file.o
configure:9531: result: yes
configure:9564: checking whether the x86_64-w64-mingw32-gcc linker (C:/msys64/mingw64/x86_64-w64-mingw32/bin/ld.exe) supports shared libraries
configure:10848: result: yes
configure:11090: checking dynamic linker characteristics
configure:12474: result: Win32 ld.exe
configure:12596: checking how to hardcode library paths into programs
configure:12621: result: immediate
configure:13221: checking whether stripping libraries is possible
configure:13230: result: yes
configure:13272: checking if libtool supports shared libraries
configure:13274: result: yes
configure:13277: checking whether to build shared libraries
configure:13302: result: no
configure:13305: checking whether to build static libraries
configure:13309: result: yes
configure:13371: checking for ld
configure:13504: result: C:/msys64/mingw64/x86_64-w64-mingw32/bin/ld.exe
configure:13511: checking if the linker (C:/msys64/mingw64/x86_64-w64-mingw32/bin/ld.exe) is GNU ld
configure:13528: result: yes
configure:13535: checking 32-bit host C ABI
configure:13588: x86_64-w64-mingw32-gcc -c -I/mingw64/include -std=c99  conftest.c >&5
configure:13588: $? = 0
configure:13602: result: no
configure:13608: checking for shared library path variable
configure:13623: result: PATH
configure:13628: checking whether to activate relocatable installation
configure:13645: result: no
configure:13839: checking whether the -Werror option is usable
configure:13858: x86_64-w64-mingw32-gcc -c -I/mingw64/include -std=c99 -Werror  conftest.c >&5
configure:13858: $? = 0
configure:13870: result: yes
configure:13872: checking for simple visibility declarations
configure:13904: x86_64-w64-mingw32-gcc -c -I/mingw64/include -std=c99 -fvisibility=hidden -Werror  conftest.c >&5
conftest.c:56:1: error: visibility attribute not supported in this configuration; ignored [-Werror=attributes]
   56 | }
      | ^
conftest.c: In function 'hiddenfunc':
conftest.c:46:50: error: visibility attribute not supported in this configuration; ignored [-Werror=attributes]
   46 |               int hiddenfunc (void) { return 51; }
      |                                                  ^
cc1.exe: all warnings being treated as errors
configure:13904: $? = 1
configure: failed program was:
| /* confdefs.h */
| #define PACKAGE_NAME "libcharset"
| #define PACKAGE_TARNAME "libcharset"
| #define PACKAGE_VERSION "1.5"
| #define PACKAGE_STRING "libcharset 1.5"
| #define PACKAGE_BUGREPORT ""
| #define PACKAGE_URL ""
| #define HAVE_STDIO_H 1
| #define HAVE_STDLIB_H 1
| #define HAVE_STRING_H 1
| #define HAVE_INTTYPES_H 1
| #define HAVE_STDINT_H 1
| #define HAVE_STRINGS_H 1
| #define HAVE_SYS_STAT_H 1
| #define HAVE_SYS_TYPES_H 1
| #define HAVE_UNISTD_H 1
| #define HAVE_WCHAR_H 1
| #define STDC_HEADERS 1
| #define _ALL_SOURCE 1
| #define _DARWIN_C_SOURCE 1
| #define _GNU_SOURCE 1
| #define _HPUX_ALT_XOPEN_SOCKET_API 1
| #define _NETBSD_SOURCE 1
| #define _OPENBSD_SOURCE 1
| #define _POSIX_PTHREAD_SEMANTICS 1
| #define __STDC_WANT_IEC_60559_ATTRIBS_EXT__ 1
| #define __STDC_WANT_IEC_60559_BFP_EXT__ 1
| #define __STDC_WANT_IEC_60559_DFP_EXT__ 1
| #define __STDC_WANT_IEC_60559_EXT__ 1
| #define __STDC_WANT_IEC_60559_FUNCS_EXT__ 1
| #define __STDC_WANT_IEC_60559_TYPES_EXT__ 1
| #define __STDC_WANT_LIB_EXT2__ 1
| #define __STDC_WANT_MATH_SPEC_FUNCS__ 1
| #define _TANDEM_SOURCE 1
| #define __EXTENSIONS__ 1
| #define LT_OBJDIR ".libs/"
| #define INSTALLPREFIX "/d/local/build"
| /* end confdefs.h.  */
| extern __attribute__((__visibility__("hidden"))) int hiddenvar;
|               extern __attribute__((__visibility__("default"))) int exportedvar;
|               extern __attribute__((__visibility__("hidden"))) int hiddenfunc (void);
|               extern __attribute__((__visibility__("default"))) int exportedfunc (void);
|               void dummyfunc (void);
|               int hiddenvar;
|               int exportedvar;
|               int hiddenfunc (void) { return 51; }
|               int exportedfunc (void) { return 1225736919; }
|               void dummyfunc (void) {}
| 
| int
| main (void)
| {
| 
|   ;
|   return 0;
| }
configure:13916: result: no
configure:13932: checking for nl_langinfo and CODESET
configure:13949: x86_64-w64-mingw32-gcc -o conftest.exe -I/mingw64/include -std=c99  -L/mingw64/lib -lws2_32 conftest.c  >&5
conftest.c:40:10: fatal error: langinfo.h: No such file or directory
   40 | #include <langinfo.h>
      |          ^~~~~~~~~~~~
compilation terminated.
configure:13949: $? = 1
configure: failed program was:
| /* confdefs.h */
| #define PACKAGE_NAME "libcharset"
| #define PACKAGE_TARNAME "libcharset"
| #define PACKAGE_VERSION "1.5"
| #define PACKAGE_STRING "libcharset 1.5"
| #define PACKAGE_BUGREPORT ""
| #define PACKAGE_URL ""
| #define HAVE_STDIO_H 1
| #define HAVE_STDLIB_H 1
| #define HAVE_STRING_H 1
| #define HAVE_INTTYPES_H 1
| #define HAVE_STDINT_H 1
| #define HAVE_STRINGS_H 1
| #define HAVE_SYS_STAT_H 1
| #define HAVE_SYS_TYPES_H 1
| #define HAVE_UNISTD_H 1
| #define HAVE_WCHAR_H 1
| #define STDC_HEADERS 1
| #define _ALL_SOURCE 1
| #define _DARWIN_C_SOURCE 1
| #define _GNU_SOURCE 1
| #define _HPUX_ALT_XOPEN_SOCKET_API 1
| #define _NETBSD_SOURCE 1
| #define _OPENBSD_SOURCE 1
| #define _POSIX_PTHREAD_SEMANTICS 1
| #define __STDC_WANT_IEC_60559_ATTRIBS_EXT__ 1
| #define __STDC_WANT_IEC_60559_BFP_EXT__ 1
| #define __STDC_WANT_IEC_60559_DFP_EXT__ 1
| #define __STDC_WANT_IEC_60559_EXT__ 1
| #define __STDC_WANT_IEC_60559_FUNCS_EXT__ 1
| #define __STDC_WANT_IEC_60559_TYPES_EXT__ 1
| #define __STDC_WANT_LIB_EXT2__ 1
| #define __STDC_WANT_MATH_SPEC_FUNCS__ 1
| #define _TANDEM_SOURCE 1
| #define __EXTENSIONS__ 1
| #define LT_OBJDIR ".libs/"
| #define INSTALLPREFIX "/d/local/build"
| #define HAVE_VISIBILITY 0
| /* end confdefs.h.  */
| #include <langinfo.h>
| int
| main (void)
| {
| char* cs = nl_langinfo(CODESET); return !cs;
|   ;
|   return 0;
| }
configure:13961: result: no
configure:13973: checking for symlink
configure:13973: x86_64-w64-mingw32-gcc -o conftest.exe -I/mingw64/include -std=c99  -L/mingw64/lib -lws2_32 conftest.c  >&5
C:/msys64/mingw64/bin/../lib/gcc/x86_64-w64-mingw32/15.2.0/../../../../x86_64-w64-mingw32/bin/ld.exe: C:\msys64\tmp\ccIPMKYw.o:conftest.c:(.text+0xe): undefined reference to `symlink'
collect2.exe: error: ld returned 1 exit status
configure:13973: $? = 1
configure: failed program was:
| /* confdefs.h */
| #define PACKAGE_NAME "libcharset"
| #define PACKAGE_TARNAME "libcharset"
| #define PACKAGE_VERSION "1.5"
| #define PACKAGE_STRING "libcharset 1.5"
| #define PACKAGE_BUGREPORT ""
| #define PACKAGE_URL ""
| #define HAVE_STDIO_H 1
| #define HAVE_STDLIB_H 1
| #define HAVE_STRING_H 1
| #define HAVE_INTTYPES_H 1
| #define HAVE_STDINT_H 1
| #define HAVE_STRINGS_H 1
| #define HAVE_SYS_STAT_H 1
| #define HAVE_SYS_TYPES_H 1
| #define HAVE_UNISTD_H 1
| #define HAVE_WCHAR_H 1
| #define STDC_HEADERS 1
| #define _ALL_SOURCE 1
| #define _DARWIN_C_SOURCE 1
| #define _GNU_SOURCE 1
| #define _HPUX_ALT_XOPEN_SOCKET_API 1
| #define _NETBSD_SOURCE 1
| #define _OPENBSD_SOURCE 1
| #define _POSIX_PTHREAD_SEMANTICS 1
| #define __STDC_WANT_IEC_60559_ATTRIBS_EXT__ 1
| #define __STDC_WANT_IEC_60559_BFP_EXT__ 1
| #define __STDC_WANT_IEC_60559_DFP_EXT__ 1
| #define __STDC_WANT_IEC_60559_EXT__ 1
| #define __STDC_WANT_IEC_60559_FUNCS_EXT__ 1
| #define __STDC_WANT_IEC_60559_TYPES_EXT__ 1
| #define __STDC_WANT_LIB_EXT2__ 1
| #define __STDC_WANT_MATH_SPEC_FUNCS__ 1
| #define _TANDEM_SOURCE 1
| #define __EXTENSIONS__ 1
| #define LT_OBJDIR ".libs/"
| #define INSTALLPREFIX "/d/local/build"
| #define HAVE_VISIBILITY 0
| /* end confdefs.h.  */
| /* Define symlink to an innocuous variant, in case <limits.h> declares symlink.
|    For example, HP-UX 11i <limits.h> declares gettimeofday.  */
| #define symlink innocuous_symlink
| 
| /* System header to define __stub macros and hopefully few prototypes,
|    which can conflict with char symlink (void); below.  */
| 
| #include <limits.h>
| #undef symlink
| 
| /* Override any GCC internal prototype to avoid an error.
|    Use char because int might match the return type of a GCC
|    builtin and then its argument prototype would still apply.  */
| #ifdef __cplusplus
| extern "C"
| #endif
| char symlink (void);
| /* The GNU C library defines this for functions which it implements
|     to always fail with ENOSYS.  Some functions are actually named
|     something starting with __ and the normal name is an alias.  */
| #if defined __stub_symlink || defined __stub___symlink
| choke me
| #endif
| 
| int
| main (void)
| {
| return symlink ();
|   ;
|   return 0;
| }
configure:13973: result: no
configure:13987: checking for working fcntl.h
configure:14098: x86_64-w64-mingw32-gcc -o conftest.exe -I/mingw64/include -std=c99  -L/mingw64/lib -lws2_32 conftest.c  >&5
conftest.c:50:26: error: expected ';' before 'static'
   50 |            GL_MDA_DEFINES
      |                          ^
      |                          ;
......
   57 |            static int const constants[] =
      |            ~~~~~~         
conftest.c:59:32: error: 'O_NOCTTY' undeclared here (not in a function)
   59 |               O_CREAT, O_EXCL, O_NOCTTY, O_TRUNC, O_APPEND,
      |                                ^~~~~~~~
conftest.c:60:15: error: 'O_NONBLOCK' undeclared here (not in a function)
   60 |               O_NONBLOCK, O_SYNC, O_ACCMODE, O_RDONLY, O_RDWR, O_WRONLY
      |               ^~~~~~~~~~
conftest.c:60:27: error: 'O_SYNC' undeclared here (not in a function)
   60 |               O_NONBLOCK, O_SYNC, O_ACCMODE, O_RDONLY, O_RDWR, O_WRONLY
      |                           ^~~~~~
configure:14098: $? = 1
configure: program exited with status 1
configure: failed program was:
| /* confdefs.h */
| #define PACKAGE_NAME "libcharset"
| #define PACKAGE_TARNAME "libcharset"
| #define PACKAGE_VERSION "1.5"
| #define PACKAGE_STRING "libcharset 1.5"
| #define PACKAGE_BUGREPORT ""
| #define PACKAGE_URL ""
| #define HAVE_STDIO_H 1
| #define HAVE_STDLIB_H 1
| #define HAVE_STRING_H 1
| #define HAVE_INTTYPES_H 1
| #define HAVE_STDINT_H 1
| #define HAVE_STRINGS_H 1
| #define HAVE_SYS_STAT_H 1
| #define HAVE_SYS_TYPES_H 1
| #define HAVE_UNISTD_H 1
| #define HAVE_WCHAR_H 1
| #define STDC_HEADERS 1
| #define _ALL_SOURCE 1
| #define _DARWIN_C_SOURCE 1
| #define _GNU_SOURCE 1
| #define _HPUX_ALT_XOPEN_SOCKET_API 1
| #define _NETBSD_SOURCE 1
| #define _OPENBSD_SOURCE 1
| #define _POSIX_PTHREAD_SEMANTICS 1
| #define __STDC_WANT_IEC_60559_ATTRIBS_EXT__ 1
| #define __STDC_WANT_IEC_60559_BFP_EXT__ 1
| #define __STDC_WANT_IEC_60559_DFP_EXT__ 1
| #define __STDC_WANT_IEC_60559_EXT__ 1
| #define __STDC_WANT_IEC_60559_FUNCS_EXT__ 1
| #define __STDC_WANT_IEC_60559_TYPES_EXT__ 1
| #define __STDC_WANT_LIB_EXT2__ 1
| #define __STDC_WANT_MATH_SPEC_FUNCS__ 1
| #define _TANDEM_SOURCE 1
| #define __EXTENSIONS__ 1
| #define LT_OBJDIR ".libs/"
| #define INSTALLPREFIX "/d/local/build"
| #define HAVE_VISIBILITY 0
| /* end confdefs.h.  */
| #include <sys/types.h>
|            #include <sys/stat.h>
|            #if HAVE_UNISTD_H
|            # include <unistd.h>
|            #else /* on Windows with MSVC */
|            # include <io.h>
|            # include <stdlib.h>
|            # defined sleep(n) _sleep ((n) * 1000)
|            #endif
|            #include <fcntl.h>
|            GL_MDA_DEFINES
|            #ifndef O_NOATIME
|             #define O_NOATIME 0
|            #endif
|            #ifndef O_NOFOLLOW
|             #define O_NOFOLLOW 0
|            #endif
|            static int const constants[] =
|             {
|               O_CREAT, O_EXCL, O_NOCTTY, O_TRUNC, O_APPEND,
|               O_NONBLOCK, O_SYNC, O_ACCMODE, O_RDONLY, O_RDWR, O_WRONLY
|             };
| 
| int
| main (void)
| {
| 
|             int result = !constants;
|             #if HAVE_SYMLINK
|             {
|               static char const sym[] = "conftest.sym";
|               if (symlink ("/dev/null", sym) != 0)
|                 result |= 2;
|               else
|                 {
|                   int fd = open (sym, O_WRONLY | O_NOFOLLOW | O_CREAT, 0);
|                   if (fd >= 0)
|                     {
|                       close (fd);
|                       result |= 4;
|                     }
|                 }
|               if (unlink (sym) != 0 || symlink (".", sym) != 0)
|                 result |= 2;
|               else
|                 {
|                   int fd = open (sym, O_RDONLY | O_NOFOLLOW);
|                   if (fd >= 0)
|                     {
|                       close (fd);
|                       result |= 4;
|                     }
|                 }
|               unlink (sym);
|             }
|             #endif
|             {
|               static char const file[] = "confdefs.h";
|               int fd = open (file, O_RDONLY | O_NOATIME);
|               if (fd < 0)
|                 result |= 8;
|               else
|                 {
|                   struct stat st0;
|                   if (fstat (fd, &st0) != 0)
|                     result |= 16;
|                   else
|                     {
|                       char c;
|                       sleep (1);
|                       if (read (fd, &c, 1) != 1)
|                         result |= 24;
|                       else
|                         {
|                           if (close (fd) != 0)
|                             result |= 32;
|                           else
|                             {
|                               struct stat st1;
|                               if (stat (file, &st1) != 0)
|                                 result |= 40;
|                               else
|                                 if (st0.st_atime != st1.st_atime)
|                                   result |= 64;
|                             }
|                         }
|                     }
|                 }
|             }
|             return result;
|   ;
|   return 0;
| }
configure:14118: result: no
configure:14137: checking for setlocale
configure:14137: x86_64-w64-mingw32-gcc -o conftest.exe -I/mingw64/include -std=c99  -L/mingw64/lib -lws2_32 conftest.c  >&5
configure:14137: $? = 0
configure:14137: result: yes
configure:14279: creating ./config.status

## ---------------------- ##
## Running config.status. ##
## ---------------------- ##

This file was extended by libcharset config.status 1.5, which was
generated by GNU Autoconf 2.72.  Invocation command line was

  CONFIG_FILES    = 
  CONFIG_HEADERS  = 
  CONFIG_LINKS    = 
  CONFIG_COMMANDS = 
  $ ./config.status 

on LAPTOP-EVU8AC57

config.status:1103: creating Makefile
config.status:1103: creating lib/Makefile
config.status:1103: creating include/libcharset.h
config.status:1103: creating include/libcharset.h.inst
config.status:1103: creating include/localcharset.h
config.status:1103: creating include/localcharset.h.inst
config.status:1103: creating config.h
config.status:1278: config.h is unchanged
config.status:1292: executing libtool commands

## ---------------- ##
## Cache variables. ##
## ---------------- ##

ac_cv_build=x86_64-w64-mingw32
ac_cv_c_compiler_gnu=yes
ac_cv_env_CC_set=set
ac_cv_env_CC_value=x86_64-w64-mingw32-gcc
ac_cv_env_CFLAGS_set=set
ac_cv_env_CFLAGS_value='-I/mingw64/include -std=c99'
ac_cv_env_CPPFLAGS_set=
ac_cv_env_CPPFLAGS_value=
ac_cv_env_CPP_set=
ac_cv_env_CPP_value=
ac_cv_env_LDFLAGS_set=set
ac_cv_env_LDFLAGS_value='-L/mingw64/lib -lws2_32'
ac_cv_env_LIBS_set=
ac_cv_env_LIBS_value=
ac_cv_env_LT_SYS_LIBRARY_PATH_set=
ac_cv_env_LT_SYS_LIBRARY_PATH_value=
ac_cv_env_build_alias_set=
ac_cv_env_build_alias_value=
ac_cv_env_host_alias_set=set
ac_cv_env_host_alias_value=x86_64-w64-mingw32
ac_cv_env_target_alias_set=
ac_cv_env_target_alias_value=
ac_cv_exeext=.exe
ac_cv_func_setlocale=yes
ac_cv_func_symlink=no
ac_cv_header_dlfcn_h=no
ac_cv_header_inttypes_h=yes
ac_cv_header_minix_config_h=no
ac_cv_header_stdint_h=yes
ac_cv_header_stdio_h=yes
ac_cv_header_stdlib_h=yes
ac_cv_header_string_h=yes
ac_cv_header_strings_h=yes
ac_cv_header_sys_stat_h=yes
ac_cv_header_sys_types_h=yes
ac_cv_header_unistd_h=yes
ac_cv_header_wchar_h=yes
ac_cv_host=x86_64-w64-mingw32
ac_cv_objext=o
ac_cv_path_EGREP='/usr/bin/grep -E'
ac_cv_path_EGREP_TRADITIONAL='/usr/bin/grep -E'
ac_cv_path_FGREP='/usr/bin/grep -F'
ac_cv_path_GREP=/usr/bin/grep
ac_cv_path_SED=/usr/bin/sed
ac_cv_path_install='/usr/bin/install -c'
ac_cv_path_lt_DD=/usr/bin/dd
ac_cv_prog_AWK=gawk
ac_cv_prog_CC=x86_64-w64-mingw32-gcc
ac_cv_prog_CPP='x86_64-w64-mingw32-gcc -E'
ac_cv_prog_DLLTOOL=dlltool
ac_cv_prog_FILECMD=file
ac_cv_prog_OBJDUMP=objdump
ac_cv_prog_ac_ct_AR=ar
ac_cv_prog_ac_ct_AS=as
ac_cv_prog_ac_ct_DLLTOOL=dlltool
ac_cv_prog_ac_ct_OBJDUMP=objdump
ac_cv_prog_ac_ct_RANLIB=ranlib
ac_cv_prog_ac_ct_STRIP=strip
ac_cv_prog_cc_c11=no
ac_cv_prog_cc_c99=
ac_cv_prog_cc_g=yes
ac_cv_prog_cc_stdc=
ac_cv_prog_make_make_set=yes
ac_cv_safe_to_define___extensions__=yes
ac_cv_should_define__xopen_source=no
acl_cv_libpath=PATH
acl_cv_prog_gnu_ld=yes
acl_cv_shlibpath_var=PATH
am_cv_langinfo_codeset=no
gl_cv_cc_vis_werror=yes
gl_cv_cc_visibility=no
gl_cv_header_working_fcntl_h=no
gl_cv_host_cpu_c_abi_32bit=no
lt_cv_ar_at_file=@
lt_cv_deplibs_check_method='file_magic ^x86 archive import|^x86 DLL'
lt_cv_file_magic_cmd=func_win32_libid
lt_cv_file_magic_test_file=
lt_cv_ld_reload_flag=-r
lt_cv_nm_interface='BSD nm'
lt_cv_objdir=.libs
lt_cv_path_LD=C:/msys64/mingw64/x86_64-w64-mingw32/bin/ld.exe
lt_cv_path_NM='/mingw64/bin/nm -B'
lt_cv_path_manifest_tool=no
lt_cv_prog_compiler_c_o=yes
lt_cv_prog_compiler_pic='-DDLL_EXPORT -DPIC'
lt_cv_prog_compiler_pic_works=yes
lt_cv_prog_compiler_rtti_exceptions=no
lt_cv_prog_compiler_static_works=yes
lt_cv_prog_gnu_ld=yes
lt_cv_sharedlib_from_linklib_cmd=func_cygming_dll_for_implib
lt_cv_sys_global_symbol_pipe='/usr/bin/sed -n -e '\''s/^.*[	 ]\([ABCDGIRSTW][ABCDGIRSTW]*\)[	 ][	 ]*\([_A-Za-z][_A-Za-z0-9]*\)\{0,1\}$/\1 \2 \2/p'\'' | /usr/bin/sed '\''/ __gnu_lto/d'\'''
lt_cv_sys_global_symbol_to_c_name_address='/usr/bin/sed -n -e '\''s/^: \(.*\) .*$/  {"\1", (void *) 0},/p'\'' -e '\''s/^[ABCDGIRSTW][ABCDGIRSTW]* .* \(.*\)$/  {"\1", (void *) \&\1},/p'\'''
lt_cv_sys_global_symbol_to_c_name_address_lib_prefix='/usr/bin/sed -n -e '\''s/^: \(.*\) .*$/  {"\1", (void *) 0},/p'\'' -e '\''s/^[ABCDGIRSTW][ABCDGIRSTW]* .* \(lib.*\)$/  {"\1", (void *) \&\1},/p'\'' -e '\''s/^[ABCDGIRSTW][ABCDGIRSTW]* .* \(.*\)$/  {"lib\1", (void *) \&\1},/p'\'''
lt_cv_sys_global_symbol_to_cdecl='/usr/bin/sed -n -e '\''s/^T .* \(.*\)$/extern int \1();/p'\'' -e '\''s/^[ABCDGIRSTW][ABCDGIRSTW]* .* \(.*\)$/extern char \1;/p'\'''
lt_cv_sys_global_symbol_to_import=
lt_cv_sys_max_cmd_len=8192
lt_cv_to_host_file_cmd=func_convert_file_msys_to_w32
lt_cv_to_tool_file_cmd=func_convert_file_msys_to_w32
lt_cv_truncate_bin='/usr/bin/dd bs=4096 count=1'

## ----------------- ##
## Output variables. ##
## ----------------- ##

AR='ar'
AS='as'
AWK='gawk'
CC='x86_64-w64-mingw32-gcc'
CFLAGS='-I/mingw64/include -std=c99'
CFLAG_VISIBILITY=''
CPP='x86_64-w64-mingw32-gcc -E'
CPPFLAGS=''
DEFS='-DHAVE_CONFIG_H'
DLLTOOL='dlltool'
DSYMUTIL=''
DUMPBIN=''
ECHO_C=''
ECHO_N='-n'
ECHO_T=''
EGREP='/usr/bin/grep -E'
EXEEXT='.exe'
FGREP='/usr/bin/grep -F'
FILECMD='file'
GREP='/usr/bin/grep'
HAVE_VISIBILITY='0'
INSTALL_DATA='${INSTALL} -m 644'
INSTALL_PROGRAM='${INSTALL}'
INSTALL_PROGRAM_ENV=''
INSTALL_SCRIPT='${INSTALL}'
LD='C:/msys64/mingw64/x86_64-w64-mingw32/bin/ld.exe'
LDFLAGS='-L/mingw64/lib -lws2_32'
LIBOBJS=''
LIBS=''
LIBTOOL='/bin/sh $(top_builddir)/libtool'
LIPO=''
LN_S='cp -pR'
LTLIBOBJS=''
LT_SYS_LIBRARY_PATH=''
MANIFEST_TOOL=':'
NM='/mingw64/bin/nm -B'
NMEDIT=''
OBJDUMP='objdump'
OBJEXT='o'
OTOOL64=''
OTOOL=''
PACKAGE_BUGREPORT=''
PACKAGE_NAME='libcharset'
PACKAGE_STRING='libcharset 1.5'
PACKAGE_TARNAME='libcharset'
PACKAGE_URL=''
PACKAGE_VERSION='1.5'
PATH_SEPARATOR=':'
RANLIB='ranlib'
RELOCATABLE='no'
RELOCATABLE_BUILD_DIR='$(top_builddir)/'
RELOCATABLE_CONFIG_H_DIR='$(top_builddir)'
RELOCATABLE_LDFLAGS=''
RELOCATABLE_LIBRARY_PATH=''
RELOCATABLE_SRC_DIR='$(top_srcdir)/'
RELOCATABLE_STRIP=':'
RELOCATABLE_VIA_LD_FALSE=''
RELOCATABLE_VIA_LD_TRUE='#'
RELOCATABLE_VIA_WRAPPER_FALSE=''
RELOCATABLE_VIA_WRAPPER_TRUE='#'
SED='/usr/bin/sed'
SET_MAKE=''
SHELL='/bin/sh'
STRIP='strip'
ac_ct_AR='ar'
ac_ct_CC=''
ac_ct_DUMPBIN=''
bindir='${exec_prefix}/bin'
build='x86_64-w64-mingw32'
build_alias='x86_64-w64-mingw32'
build_cpu='x86_64'
build_os='mingw32'
build_vendor='w64'
datadir='${datarootdir}'
datarootdir='${prefix}/share'
docdir='${datarootdir}/doc/${PACKAGE_TARNAME}'
dvidir='${docdir}'
exec_prefix='${prefix}'
host='x86_64-w64-mingw32'
host_alias='x86_64-w64-mingw32'
host_cpu='x86_64'
host_os='mingw32'
host_vendor='w64'
htmldir='${docdir}'
includedir='${prefix}/include'
infodir='${datarootdir}/info'
libdir='${exec_prefix}/lib'
libexecdir='${exec_prefix}/libexec'
localedir='${datarootdir}/locale'
localstatedir='${prefix}/var'
mandir='${datarootdir}/man'
oldincludedir='/usr/include'
pdfdir='${docdir}'
prefix='/d/local/build'
program_transform_name='s,x,x,'
psdir='${docdir}'
reloc_final_prefix_c='"/d/local/build"'
reloc_final_prefix_c_make='\"$(reloc_final_prefix)\"'
runstatedir='${localstatedir}/run'
sbindir='${exec_prefix}/sbin'
sharedstatedir='${prefix}/com'
sysconfdir='${prefix}/etc'
target_alias=''

## ----------- ##
## confdefs.h. ##
## ----------- ##

/* confdefs.h */
#define PACKAGE_NAME "libcharset"
#define PACKAGE_TARNAME "libcharset"
#define PACKAGE_VERSION "1.5"
#define PACKAGE_STRING "libcharset 1.5"
#define PACKAGE_BUGREPORT ""
#define PACKAGE_URL ""
#define HAVE_STDIO_H 1
#define HAVE_STDLIB_H 1
#define HAVE_STRING_H 1
#define HAVE_INTTYPES_H 1
#define HAVE_STDINT_H 1
#define HAVE_STRINGS_H 1
#define HAVE_SYS_STAT_H 1
#define HAVE_SYS_TYPES_H 1
#define HAVE_UNISTD_H 1
#define HAVE_WCHAR_H 1
#define STDC_HEADERS 1
#define _ALL_SOURCE 1
#define _DARWIN_C_SOURCE 1
#define _GNU_SOURCE 1
#define _HPUX_ALT_XOPEN_SOCKET_API 1
#define _NETBSD_SOURCE 1
#define _OPENBSD_SOURCE 1
#define _POSIX_PTHREAD_SEMANTICS 1
#define __STDC_WANT_IEC_60559_ATTRIBS_EXT__ 1
#define __STDC_WANT_IEC_60559_BFP_EXT__ 1
#define __STDC_WANT_IEC_60559_DFP_EXT__ 1
#define __STDC_WANT_IEC_60559_EXT__ 1
#define __STDC_WANT_IEC_60559_FUNCS_EXT__ 1
#define __STDC_WANT_IEC_60559_TYPES_EXT__ 1
#define __STDC_WANT_LIB_EXT2__ 1
#define __STDC_WANT_MATH_SPEC_FUNCS__ 1
#define _TANDEM_SOURCE 1
#define __EXTENSIONS__ 1
#define LT_OBJDIR ".libs/"
#define INSTALLPREFIX "/d/local/build"
#define HAVE_VISIBILITY 0
#define HAVE_WORKING_O_NOATIME 0
#define HAVE_WORKING_O_NOFOLLOW 0
#define HAVE_SETLOCALE 1

configure: exit 0
